pc reg val
80000000 23 80010000
80000004 12 12345000
80000008 12 12345678
8000000c 13 12345000
80000010 13 12345678
80000018 14 80001018
80000020 15 00000001
80000024 15 00000000
8000002c 16 000000ff
80000030 17 0000000f
80000034 18 0000000f
8000003c 04 00010000
80000040 04 00010234
80000044 05 00020000
80000048 05 00020001
8000004c 06 00030235
80000050 07 00030000
80000054 07 00030235
8000005c 12 00030235
80000060 13 00030000
80000064 13 00030235
8000006c 14 00030235
80000070 15 00030000
80000074 15 00030235
80000078 15 00000235
8000007c 14 00000235
80000080 16 00000235
80000088 17 ffffffff
8000008c 18 00000001
80000090 19 00000001
80000094 12 00000001
8000009c 13 80000000
800000a0 14 c0000000
800000a4 15 c0000000
800000ac 24 00011000
800000b0 24 00011111
800000b8 25 00011111
800000c0 26 00000080
800000c8 27 ffffff80
800000cc 28 ffffff80
800000d4 12 00000055
800000d8 13 00000055
800000e4 14 00000001
800000e8 15 00000002
800000f4 16 00000001
800000f8 17 ffffffff
